============================= test session starts ==============================
platform linux -- Python 3.12.3, pytest-8.2.2, pluggy-1.6.0 -- /home/aaron_coorahua/aura-map/.venv/bin/python
cachedir: .pytest_cache
rootdir: /home/aaron_coorahua/aura-map
plugins: cov-5.0.0
collecting ... collected 15 items

tests/test_api.py::test_health_responde_ok PASSED                        [  6%]
tests/test_api.py::test_health_incluye_version PASSED                    [ 13%]
tests/test_battles.py::test_payload_valido PASSED                        [ 20%]
tests/test_battles.py::test_titulo_vacio PASSED                          [ 26%]
tests/test_battles.py::test_fecha_pasada PASSED                          [ 33%]
tests/test_battles.py::test_cupo_invalido PASSED                         [ 40%]
tests/test_battles.py::test_post_devuelve_201 PASSED                     [ 46%]
tests/test_battles.py::test_get_lista_batallas PASSED                    [ 53%]
tests/test_geo.py::test_mismo_punto_da_cero PASSED                       [ 60%]
tests/test_geo.py::test_un_grado_de_longitud_en_el_ecuador PASSED        [ 66%]
tests/test_geo.py::test_el_filtro_excluye_las_lejanas PASSED             [ 73%]
tests/test_geo.py::test_coordenadas_invalidas_lanzan_value_error PASSED  [ 80%]
tests/test_rsvp.py::test_inscribe_cuando_hay_cupo PASSED                 [ 86%]
tests/test_rsvp.py::test_rechaza_cuando_no_hay_cupo PASSED               [ 93%]
tests/test_rsvp.py::test_rechaza_inscripcion_duplicada PASSED            [100%]

---------- coverage: platform linux, python 3.12.3-final-0 -----------
Name                           Stmts   Miss  Cover   Missing
------------------------------------------------------------
app/__init__.py                   20      2    90%   22-23
app/config.py                     18      6    67%   13, 19-23
app/db.py                         24      7    71%   25-29, 37-39
app/models.py                     23      0   100%
app/repositories/__init__.py       0      0   100%
app/repositories/battles.py       16      1    94%   20
app/repositories/rsvp.py          11      0   100%
app/routes.py                     53     16    70%   24-25, 39-51, 58-61, 68, 72-73, 86
app/seed.py                       13      8    38%   9, 51-57
app/services/__init__.py           0      0   100%
app/services/battles.py           46     10    78%   13, 21, 24-25, 27, 40, 42, 50, 55, 58
app/services/geo.py               31      6    81%   15-16, 21, 46-47, 49
app/services/rsvp.py              19      2    89%   24, 28
------------------------------------------------------------
TOTAL                            274     58    79%


============================== 15 passed in 0.53s ==============================
